voyeur
beach
video
porn
com
voyeurchamp
the
and
free
exhibitionist
nude
spycam
from
voyeurpack
hot
cam
voyeurs
girls
boobs
wife
amateur
spy
upskirt
ass
of
nudist
on
hidden
girl
in
tease
mrs
voyeurism
her
big
teen
pussy
sexy
et
les
clips
two
slaves
asian
masturbation
sex
work
women
shame
toilet
taping
dark
haired
spied
pissing
beachvoyeur
females
camera
mall
is
masturbating
dressing
room
fellation
devant
papy
en
secretly
by
lesbian
www
un
wives
jerks
off
rimvoyeur
ru
fetish
brooks
pov
jeans
100
outdoor
heather
vs
0015
voyeurqueen
thing
close
up
amateurs
0012
meando
pee
strapon
abuse
public
nudity
tube
great
shoe
store
candid
huge
0016
0014
tight
college
jiggly
hunter
20
woods
no
panties
only
mrno
00117
49
wet
watched
busty
masturbates
voyeuring
neighbours
part
asianvideosx
jour
hotel
avec
ma
trio
pour
franc
dancando
funk
flagra
gostosa
gril
teasing
tuallete
japanese
voyeurjapantv
caught
movie
brunette
pornstar
tatiana1
093
boso
being
filmed
another
pis
real
15
matures
touch
slave
live
bumbumteen
125
are
you
tonight
slutty
at
amazing
chicks
webcam
26
topless
bikini
babes
gorgeous
playing
for
mistress
kiss
0013
butt
131
couple
having
car
front
people
voyeurgirlson
cocks
bella
showering
alison
voyeurcams
pissen
wc
http
ow
ly
jbni303sm
